

[INFO ] 2019-12-22 21:27:56,665 method:org.springframework.web.servlet.FrameworkServlet.initServletBean(FrameworkServlet.java:489)
FrameworkServlet 'e3-search-web': initialization started


[INFO ] 2019-12-22 21:27:56,694 method:org.springframework.context.support.AbstractApplicationContext.prepareRefresh(AbstractApplicationContext.java:578)
Refreshing WebApplicationContext for namespace 'e3-search-web-servlet': startup date [Sun Dec 22 21:27:56 CST 2019]; root of context hierarchy


[INFO ] 2019-12-22 21:27:56,741 method:org.springframework.beans.factory.xml.XmlBeanDefinitionReader.loadBeanDefinitions(XmlBeanDefinitionReader.java:317)
Loading XML bean definitions from class path resource [spring/springmvc.xml]


[INFO ] 2019-12-22 21:27:57,135 method:
using logger: com.alibaba.dubbo.common.logger.log4j.Log4jLoggerAdapter


[INFO ] 2019-12-22 21:27:57,297 method:org.springframework.core.io.support.PropertiesLoaderSupport.loadProperties(PropertiesLoaderSupport.java:172)
Loading properties file from class path resource [conf/resource.properties]


[INFO ] 2019-12-22 21:27:57,303 method:org.springframework.beans.factory.annotation.AutowiredAnnotationBeanPostProcessor.<init>(AutowiredAnnotationBeanPostProcessor.java:153)
JSR-330 'javax.inject.Inject' annotation found and supported for autowiring


[INFO ] 2019-12-22 21:27:57,759 method:com.alibaba.dubbo.registry.support.AbstractRegistry.loadProperties(AbstractRegistry.java:232)
 [DUBBO] Load registry store file C:\Users\Administrator\.dubbo\dubbo-registry-192.168.25.128.cache, data: {cn.e3mall.content.service.ContentCategoryService=empty://192.168.1.3:20881/cn.e3mall.content.service.ContentCategoryService?anyhost=true&application=e3-manager&category=configurators&check=false&dubbo=2.5.3&interface=cn.e3mall.content.service.ContentCategoryService&methods=updateContentCategory,deleteContentCategory,getContentCatList,addContentCategory&pid=8772&revision=0.0.1-SNAPSHOT&side=provider&timeout=600000&timestamp=1577020646767, cn.e3mall.content.service.ContentService=empty://192.168.1.3:20881/cn.e3mall.content.service.ContentService?anyhost=true&application=e3-manager&category=configurators&check=false&dubbo=2.5.3&interface=cn.e3mall.content.service.ContentService&methods=getContentByCid,addContent,updateContent&pid=8772&revision=0.0.1-SNAPSHOT&side=provider&timeout=600000&timestamp=1577020647226, cn.e3mall.search.service.SearchItemService=empty://192.168.1.3:20882/cn.e3mall.search.service.SearchItemService?anyhost=true&application=e3-search&category=configurators&check=false&dubbo=2.5.3&interface=cn.e3mall.search.service.SearchItemService&methods=importAllItems&pid=10896&revision=0.0.1-SNAPSHOT&side=provider&timeout=600000&timestamp=1577020643456, cn.e3mall.service.ItemService=empty://192.168.1.3:20880/cn.e3mall.service.ItemService?anyhost=true&application=e3-manager&category=configurators&check=false&dubbo=2.5.3&interface=cn.e3mall.service.ItemService&methods=getItemList,deleteItem,downItem,upItem,addItem,getItemById,updateItem&pid=8876&revision=0.0.1-SNAPSHOT&side=provider&timeout=600000&timestamp=1577020639524, cn.e3mall.service.ItemCatService=empty://192.168.1.3:20880/cn.e3mall.service.ItemCatService?anyhost=true&application=e3-manager&category=configurators&check=false&dubbo=2.5.3&interface=cn.e3mall.service.ItemCatService&methods=getItemCatlist&pid=8876&revision=0.0.1-SNAPSHOT&side=provider&timeout=600000&timestamp=1577020640301, cn.e3mall.search.service.SearchService=dubbo://192.168.1.3:20882/cn.e3mall.search.service.SearchService?anyhost=true&application=e3-search&dubbo=2.5.3&interface=cn.e3mall.search.service.SearchService&methods=search&pid=10896&revision=0.0.1-SNAPSHOT&side=provider&timeout=600000&timestamp=1577020644101 empty://192.168.1.3/cn.e3mall.search.service.SearchService?application=e3-search-web&category=configurators&dubbo=2.5.3&interface=cn.e3mall.search.service.SearchService&methods=search&pid=7752&revision=0.0.1-SNAPSHOT&side=consumer&timestamp=1577021119010 empty://192.168.1.3/cn.e3mall.search.service.SearchService?application=e3-search-web&category=routers&dubbo=2.5.3&interface=cn.e3mall.search.service.SearchService&methods=search&pid=7752&revision=0.0.1-SNAPSHOT&side=consumer&timestamp=1577021119010}, dubbo version: 2.5.3, current host: 127.0.0.1


[INFO ] 2019-12-22 21:27:57,785 method:org.I0Itec.zkclient.ZkEventThread.run(ZkEventThread.java:64)
Starting ZkClient event thread.


[INFO ] 2019-12-22 21:27:57,808 method:org.apache.zookeeper.Environment.logEnv(Environment.java:100)
Client environment:zookeeper.version=3.4.7-1713338, built on 11/09/2015 04:32 GMT


[INFO ] 2019-12-22 21:27:57,809 method:org.apache.zookeeper.Environment.logEnv(Environment.java:100)
Client environment:host.name=tp


[INFO ] 2019-12-22 21:27:57,809 method:org.apache.zookeeper.Environment.logEnv(Environment.java:100)
Client environment:java.version=1.7.0_72


[INFO ] 2019-12-22 21:27:57,809 method:org.apache.zookeeper.Environment.logEnv(Environment.java:100)
Client environment:java.vendor=Oracle Corporation


[INFO ] 2019-12-22 21:27:57,810 method:org.apache.zookeeper.Environment.logEnv(Environment.java:100)
Client environment:java.home=D:\java\jdk\jdk1.7\jre


[INFO ] 2019-12-22 21:27:57,810 method:org.apache.zookeeper.Environment.logEnv(Environment.java:100)
Client environment:java.class.path=/D:/java/eclipse-mars-2/plugins/org.eclipse.m2e.maven.runtime_1.6.2.20150902-0001/jars/plexus-classworlds-2.5.2.jar


[INFO ] 2019-12-22 21:27:57,810 method:org.apache.zookeeper.Environment.logEnv(Environment.java:100)
Client environment:java.library.path=D:\java\jdk\jdk1.7\bin;C:\Windows\Sun\Java\bin;C:\Windows\system32;C:\Windows;C:/Program Files (x86)/Java/jre1.8.0_231/bin/client;C:/Program Files (x86)/Java/jre1.8.0_231/bin;C:/Program Files (x86)/Java/jre1.8.0_231/lib/i386;C:\Program Files (x86)\Common Files\Oracle\Java\javapath;C:\Windows\system32;C:\Windows;C:\Windows\System32\Wbem;C:\Windows\System32\WindowsPowerShell\v1.0\;%MYSQL_HOME%\bin;C:\Users\Administrator\AppData\Local\Microsoft\WindowsApps;D:\java\jdk\jdk1.7\bin;D:\java\jdk\jdk1.7\jre\bin;;D:\java\eclipse-mars-2;;.


[INFO ] 2019-12-22 21:27:57,810 method:org.apache.zookeeper.Environment.logEnv(Environment.java:100)
Client environment:java.io.tmpdir=C:\Users\ADMINI~1\AppData\Local\Temp\


[INFO ] 2019-12-22 21:27:57,811 method:org.apache.zookeeper.Environment.logEnv(Environment.java:100)
Client environment:java.compiler=<NA>


[INFO ] 2019-12-22 21:27:57,812 method:org.apache.zookeeper.Environment.logEnv(Environment.java:100)
Client environment:os.name=Windows 8.1


[INFO ] 2019-12-22 21:27:57,812 method:org.apache.zookeeper.Environment.logEnv(Environment.java:100)
Client environment:os.arch=x86


[INFO ] 2019-12-22 21:27:57,812 method:org.apache.zookeeper.Environment.logEnv(Environment.java:100)
Client environment:os.version=6.3


[INFO ] 2019-12-22 21:27:57,812 method:org.apache.zookeeper.Environment.logEnv(Environment.java:100)
Client environment:user.name=Administrator


[INFO ] 2019-12-22 21:27:57,813 method:org.apache.zookeeper.Environment.logEnv(Environment.java:100)
Client environment:user.home=C:\Users\Administrator


[INFO ] 2019-12-22 21:27:57,813 method:org.apache.zookeeper.Environment.logEnv(Environment.java:100)
Client environment:user.dir=C:\Users\Administrator\git\e3mall\e3-search-web


[INFO ] 2019-12-22 21:27:57,814 method:org.apache.zookeeper.ZooKeeper.<init>(ZooKeeper.java:438)
Initiating client connection, connectString=192.168.25.128:2181 sessionTimeout=30000 watcher=org.I0Itec.zkclient.ZkClient@184a34f


[INFO ] 2019-12-22 21:27:57,848 method:org.apache.zookeeper.ClientCnxn$SendThread.logStartConnect(ClientCnxn.java:1032)
Opening socket connection to server 192.168.25.128/192.168.25.128:2181. Will not attempt to authenticate using SASL (unknown error)


[INFO ] 2019-12-22 21:27:57,850 method:org.apache.zookeeper.ClientCnxn$SendThread.primeConnection(ClientCnxn.java:876)
Socket connection established to 192.168.25.128/192.168.25.128:2181, initiating session


[INFO ] 2019-12-22 21:27:57,861 method:org.apache.zookeeper.ClientCnxn$SendThread.onConnected(ClientCnxn.java:1299)
Session establishment complete on server 192.168.25.128/192.168.25.128:2181, sessionid = 0x16eb23dce230092, negotiated timeout = 30000


[INFO ] 2019-12-22 21:27:57,864 method:org.I0Itec.zkclient.ZkClient.processStateChanged(ZkClient.java:449)
zookeeper state changed (SyncConnected)


[INFO ] 2019-12-22 21:27:57,924 method:com.alibaba.dubbo.registry.support.AbstractRegistry.register(AbstractRegistry.java:302)
 [DUBBO] Register: consumer://192.168.1.3/cn.e3mall.search.service.SearchService?application=e3-search-web&category=consumers&check=false&dubbo=2.5.3&interface=cn.e3mall.search.service.SearchService&methods=search&pid=4024&revision=0.0.1-SNAPSHOT&side=consumer&timestamp=1577021277678, dubbo version: 2.5.3, current host: 192.168.1.3


[INFO ] 2019-12-22 21:27:57,955 method:com.alibaba.dubbo.registry.support.AbstractRegistry.subscribe(AbstractRegistry.java:325)
 [DUBBO] Subscribe: consumer://192.168.1.3/cn.e3mall.search.service.SearchService?application=e3-search-web&category=providers,configurators,routers&dubbo=2.5.3&interface=cn.e3mall.search.service.SearchService&methods=search&pid=4024&revision=0.0.1-SNAPSHOT&side=consumer&timestamp=1577021277678, dubbo version: 2.5.3, current host: 192.168.1.3


[INFO ] 2019-12-22 21:27:57,982 method:com.alibaba.dubbo.registry.support.AbstractRegistry.notify(AbstractRegistry.java:422)
 [DUBBO] Notify urls for subscribe url consumer://192.168.1.3/cn.e3mall.search.service.SearchService?application=e3-search-web&category=providers,configurators,routers&dubbo=2.5.3&interface=cn.e3mall.search.service.SearchService&methods=search&pid=4024&revision=0.0.1-SNAPSHOT&side=consumer&timestamp=1577021277678, urls: [dubbo://192.168.1.3:20882/cn.e3mall.search.service.SearchService?anyhost=true&application=e3-search&dubbo=2.5.3&interface=cn.e3mall.search.service.SearchService&methods=search&pid=10896&revision=0.0.1-SNAPSHOT&side=provider&timeout=600000&timestamp=1577020644101, empty://192.168.1.3/cn.e3mall.search.service.SearchService?application=e3-search-web&category=configurators&dubbo=2.5.3&interface=cn.e3mall.search.service.SearchService&methods=search&pid=4024&revision=0.0.1-SNAPSHOT&side=consumer&timestamp=1577021277678, empty://192.168.1.3/cn.e3mall.search.service.SearchService?application=e3-search-web&category=routers&dubbo=2.5.3&interface=cn.e3mall.search.service.SearchService&methods=search&pid=4024&revision=0.0.1-SNAPSHOT&side=consumer&timestamp=1577021277678], dubbo version: 2.5.3, current host: 192.168.1.3


[INFO ] 2019-12-22 21:27:58,232 method:com.alibaba.dubbo.remoting.transport.AbstractClient.connect(AbstractClient.java:287)
 [DUBBO] Successed connect to server /192.168.1.3:20882 from NettyClient 192.168.1.3 using dubbo version 2.5.3, channel is NettyChannel [channel=[id: 0x5fbfcb10, /192.168.1.3:63309 => /192.168.1.3:20882]], dubbo version: 2.5.3, current host: 192.168.1.3


[INFO ] 2019-12-22 21:27:58,233 method:com.alibaba.dubbo.remoting.transport.AbstractClient.<init>(AbstractClient.java:105)
 [DUBBO] Start NettyClient tp/192.168.1.3 connect to the server /192.168.1.3:20882, dubbo version: 2.5.3, current host: 192.168.1.3


[INFO ] 2019-12-22 21:27:58,322 method:com.alibaba.dubbo.config.ReferenceConfig.createProxy(ReferenceConfig.java:423)
 [DUBBO] Refer dubbo service cn.e3mall.search.service.SearchService from url zookeeper://192.168.25.128:2181/com.alibaba.dubbo.registry.RegistryService?anyhost=true&application=e3-search-web&check=false&dubbo=2.5.3&interface=cn.e3mall.search.service.SearchService&methods=search&pid=4024&revision=0.0.1-SNAPSHOT&side=consumer&timeout=600000&timestamp=1577021277678, dubbo version: 2.5.3, current host: 192.168.1.3


[INFO ] 2019-12-22 21:27:58,654 method:org.springframework.web.servlet.handler.AbstractHandlerMethodMapping$MappingRegistry.register(AbstractHandlerMethodMapping.java:527)
Mapped "{[/search]}" onto public java.lang.String cn.e3mall.search.controller.SearchController.getSearchResult(java.lang.String,java.lang.Integer,org.springframework.ui.Model) throws java.lang.Exception


[INFO ] 2019-12-22 21:27:59,113 method:org.springframework.web.servlet.mvc.method.annotation.RequestMappingHandlerAdapter.initControllerAdviceCache(RequestMappingHandlerAdapter.java:532)
Looking for @ControllerAdvice: WebApplicationContext for namespace 'e3-search-web-servlet': startup date [Sun Dec 22 21:27:56 CST 2019]; root of context hierarchy


[INFO ] 2019-12-22 21:27:59,206 method:org.springframework.web.servlet.mvc.method.annotation.RequestMappingHandlerAdapter.initControllerAdviceCache(RequestMappingHandlerAdapter.java:532)
Looking for @ControllerAdvice: WebApplicationContext for namespace 'e3-search-web-servlet': startup date [Sun Dec 22 21:27:56 CST 2019]; root of context hierarchy


[INFO ] 2019-12-22 21:27:59,461 method:org.springframework.web.servlet.FrameworkServlet.initServletBean(FrameworkServlet.java:508)
FrameworkServlet 'e3-search-web': initialization completed in 2792 ms


[INFO ] 2019-12-22 21:28:00,975 method:cn.e3mall.search.exception.GlobleExceptionResolver.resolveException(GlobleExceptionResolver.java:24)
系统异常


[ERROR] 2019-12-22 21:28:00,977 method:cn.e3mall.search.exception.GlobleExceptionResolver.resolveException(GlobleExceptionResolver.java:25)
系统发生异常
java.lang.ArithmeticException: / by zero
	at cn.e3mall.search.controller.SearchController.getSearchResult(SearchController.java:40)
	at sun.reflect.NativeMethodAccessorImpl.invoke0(Native Method)
	at sun.reflect.NativeMethodAccessorImpl.invoke(NativeMethodAccessorImpl.java:57)
	at sun.reflect.DelegatingMethodAccessorImpl.invoke(DelegatingMethodAccessorImpl.java:43)
	at java.lang.reflect.Method.invoke(Method.java:606)
	at org.springframework.web.method.support.InvocableHandlerMethod.doInvoke(InvocableHandlerMethod.java:222)
	at org.springframework.web.method.support.InvocableHandlerMethod.invokeForRequest(InvocableHandlerMethod.java:137)
	at org.springframework.web.servlet.mvc.method.annotation.ServletInvocableHandlerMethod.invokeAndHandle(ServletInvocableHandlerMethod.java:110)
	at org.springframework.web.servlet.mvc.method.annotation.RequestMappingHandlerAdapter.invokeHandlerMethod(RequestMappingHandlerAdapter.java:814)
	at org.springframework.web.servlet.mvc.method.annotation.RequestMappingHandlerAdapter.handleInternal(RequestMappingHandlerAdapter.java:737)
	at org.springframework.web.servlet.mvc.method.AbstractHandlerMethodAdapter.handle(AbstractHandlerMethodAdapter.java:85)
	at org.springframework.web.servlet.DispatcherServlet.doDispatch(DispatcherServlet.java:959)
	at org.springframework.web.servlet.DispatcherServlet.doService(DispatcherServlet.java:893)
	at org.springframework.web.servlet.FrameworkServlet.processRequest(FrameworkServlet.java:969)
	at org.springframework.web.servlet.FrameworkServlet.doGet(FrameworkServlet.java:860)
	at javax.servlet.http.HttpServlet.service(HttpServlet.java:621)
	at org.springframework.web.servlet.FrameworkServlet.service(FrameworkServlet.java:845)
	at javax.servlet.http.HttpServlet.service(HttpServlet.java:728)
	at org.apache.catalina.core.ApplicationFilterChain.internalDoFilter(ApplicationFilterChain.java:305)
	at org.apache.catalina.core.ApplicationFilterChain.doFilter(ApplicationFilterChain.java:210)
	at org.apache.tomcat.websocket.server.WsFilter.doFilter(WsFilter.java:51)
	at org.apache.catalina.core.ApplicationFilterChain.internalDoFilter(ApplicationFilterChain.java:243)
	at org.apache.catalina.core.ApplicationFilterChain.doFilter(ApplicationFilterChain.java:210)
	at org.springframework.web.filter.CharacterEncodingFilter.doFilterInternal(CharacterEncodingFilter.java:121)
	at org.springframework.web.filter.OncePerRequestFilter.doFilter(OncePerRequestFilter.java:107)
	at org.apache.catalina.core.ApplicationFilterChain.internalDoFilter(ApplicationFilterChain.java:243)
	at org.apache.catalina.core.ApplicationFilterChain.doFilter(ApplicationFilterChain.java:210)
	at org.apache.catalina.core.StandardWrapperValve.invoke(StandardWrapperValve.java:222)
	at org.apache.catalina.core.StandardContextValve.invoke(StandardContextValve.java:123)
	at org.apache.catalina.authenticator.AuthenticatorBase.invoke(AuthenticatorBase.java:502)
	at org.apache.catalina.core.StandardHostValve.invoke(StandardHostValve.java:171)
	at org.apache.catalina.valves.ErrorReportValve.invoke(ErrorReportValve.java:100)
	at org.apache.catalina.valves.AccessLogValve.invoke(AccessLogValve.java:953)
	at org.apache.catalina.core.StandardEngineValve.invoke(StandardEngineValve.java:118)
	at org.apache.catalina.connector.CoyoteAdapter.service(CoyoteAdapter.java:408)
	at org.apache.coyote.http11.AbstractHttp11Processor.process(AbstractHttp11Processor.java:1041)
	at org.apache.coyote.AbstractProtocol$AbstractConnectionHandler.process(AbstractProtocol.java:603)
	at org.apache.tomcat.util.net.JIoEndpoint$SocketProcessor.run(JIoEndpoint.java:310)
	at java.util.concurrent.ThreadPoolExecutor.runWorker(ThreadPoolExecutor.java:1145)
	at java.util.concurrent.ThreadPoolExecutor$Worker.run(ThreadPoolExecutor.java:615)
	at java.lang.Thread.run(Thread.java:745)
